<?xml version="1.0" encoding="UTF-8"?>
<testsuite xmlns:xsi="http://www.w3.org/2001/XMLSchema-instance" xsi:noNamespaceSchemaLocation="https://maven.apache.org/surefire/maven-surefire-plugin/xsd/surefire-test-report.xsd" name="com.cheng.easyexcel.TestWrite" time="0.003" tests="0" errors="0" skipped="0" failures="0">
  <properties>
    <property name="sun.desktop" value="windows"/>
    <property name="awt.toolkit" value="sun.awt.windows.WToolkit"/>
    <property name="file.encoding.pkg" value="sun.io"/>
    <property name="java.specification.version" value="1.8"/>
    <property name="sun.cpu.isalist" value="amd64"/>
    <property name="sun.jnu.encoding" value="GBK"/>
    <property name="java.class.path" value="D:\项目\RRS\service\service_cmn\target\test-classes;D:\项目\RRS\service\service_cmn\target\classes;D:\Maven\repo\com\baomidou\mybatis-plus-extension\3.4.3.4\mybatis-plus-extension-3.4.3.4.jar;D:\Maven\repo\com\baomidou\mybatis-plus-core\3.4.3.4\mybatis-plus-core-3.4.3.4.jar;D:\Maven\repo\com\baomidou\mybatis-plus-annotation\3.4.3.4\mybatis-plus-annotation-3.4.3.4.jar;D:\Maven\repo\com\github\jsqlparser\jsqlparser\4.2\jsqlparser-4.2.jar;D:\Maven\repo\org\mybatis\mybatis\3.5.7\mybatis-3.5.7.jar;D:\Maven\repo\org\mybatis\mybatis-spring\2.0.6\mybatis-spring-2.0.6.jar;D:\Maven\repo\com\alibaba\easyexcel\2.2.0-beta2\easyexcel-2.2.0-beta2.jar;D:\Maven\repo\org\apache\poi\poi\3.17\poi-3.17.jar;D:\Maven\repo\commons-codec\commons-codec\1.13\commons-codec-1.13.jar;D:\Maven\repo\org\apache\commons\commons-collections4\4.1\commons-collections4-4.1.jar;D:\Maven\repo\org\apache\poi\poi-ooxml\3.17\poi-ooxml-3.17.jar;D:\Maven\repo\com\github\virtuald\curvesapi\1.04\curvesapi-1.04.jar;D:\Maven\repo\org\apache\poi\poi-ooxml-schemas\3.17\poi-ooxml-schemas-3.17.jar;D:\Maven\repo\org\apache\xmlbeans\xmlbeans\2.6.0\xmlbeans-2.6.0.jar;D:\Maven\repo\stax\stax-api\1.0.1\stax-api-1.0.1.jar;D:\Maven\repo\cglib\cglib\3.1\cglib-3.1.jar;D:\Maven\repo\org\ow2\asm\asm\4.2\asm-4.2.jar;D:\Maven\repo\org\slf4j\slf4j-api\1.7.29\slf4j-api-1.7.29.jar;D:\Maven\repo\org\ehcache\ehcache\3.8.1\ehcache-3.8.1.jar;D:\Maven\repo\org\glassfish\jaxb\jaxb-runtime\2.3.2\jaxb-runtime-2.3.2.jar;D:\Maven\repo\jakarta\xml\bind\jakarta.xml.bind-api\2.3.2\jakarta.xml.bind-api-2.3.2.jar;D:\Maven\repo\org\glassfish\jaxb\txw2\2.3.2\txw2-2.3.2.jar;D:\Maven\repo\com\sun\istack\istack-commons-runtime\3.0.8\istack-commons-runtime-3.0.8.jar;D:\Maven\repo\org\jvnet\staxex\stax-ex\1.8.1\stax-ex-1.8.1.jar;D:\Maven\repo\com\sun\xml\fastinfoset\FastInfoset\1.2.16\FastInfoset-1.2.16.jar;D:\Maven\repo\jakarta\activation\jakarta.activation-api\1.2.1\jakarta.activation-api-1.2.1.jar;D:\Maven\repo\com\cheng\service_util\0.0.1-SNAPSHOT\service_util-0.0.1-SNAPSHOT.jar;D:\Maven\repo\org\springframework\boot\spring-boot-starter-data-redis\2.2.1.RELEASE\spring-boot-starter-data-redis-2.2.1.RELEASE.jar;D:\Maven\repo\org\springframework\data\spring-data-redis\2.2.1.RELEASE\spring-data-redis-2.2.1.RELEASE.jar;D:\Maven\repo\org\springframework\data\spring-data-keyvalue\2.2.1.RELEASE\spring-data-keyvalue-2.2.1.RELEASE.jar;D:\Maven\repo\org\springframework\data\spring-data-commons\2.2.1.RELEASE\spring-data-commons-2.2.1.RELEASE.jar;D:\Maven\repo\org\springframework\spring-tx\5.2.1.RELEASE\spring-tx-5.2.1.RELEASE.jar;D:\Maven\repo\org\springframework\spring-oxm\5.2.1.RELEASE\spring-oxm-5.2.1.RELEASE.jar;D:\Maven\repo\org\springframework\spring-context-support\5.2.1.RELEASE\spring-context-support-5.2.1.RELEASE.jar;D:\Maven\repo\io\lettuce\lettuce-core\5.2.1.RELEASE\lettuce-core-5.2.1.RELEASE.jar;D:\Maven\repo\io\netty\netty-common\4.1.43.Final\netty-common-4.1.43.Final.jar;D:\Maven\repo\io\netty\netty-handler\4.1.43.Final\netty-handler-4.1.43.Final.jar;D:\Maven\repo\io\netty\netty-buffer\4.1.43.Final\netty-buffer-4.1.43.Final.jar;D:\Maven\repo\io\netty\netty-codec\4.1.43.Final\netty-codec-4.1.43.Final.jar;D:\Maven\repo\io\netty\netty-transport\4.1.43.Final\netty-transport-4.1.43.Final.jar;D:\Maven\repo\io\netty\netty-resolver\4.1.43.Final\netty-resolver-4.1.43.Final.jar;D:\Maven\repo\io\projectreactor\reactor-core\3.3.0.RELEASE\reactor-core-3.3.0.RELEASE.jar;D:\Maven\repo\org\reactivestreams\reactive-streams\1.0.3\reactive-streams-1.0.3.jar;D:\Maven\repo\org\apache\commons\commons-pool2\2.7.0\commons-pool2-2.7.0.jar;D:\Maven\repo\io\springfox\springfox-swagger2\2.9.2\springfox-swagger2-2.9.2.jar;D:\Maven\repo\io\swagger\swagger-models\1.5.20\swagger-models-1.5.20.jar;D:\Maven\repo\com\fasterxml\jackson\core\jackson-annotations\2.10.0\jackson-annotations-2.10.0.jar;D:\Maven\repo\io\springfox\springfox-spi\2.9.2\springfox-spi-2.9.2.jar;D:\Maven\repo\io\springfox\springfox-core\2.9.2\springfox-core-2.9.2.jar;D:\Maven\repo\net\bytebuddy\byte-buddy\1.10.2\byte-buddy-1.10.2.jar;D:\Maven\repo\io\springfox\springfox-schema\2.9.2\springfox-schema-2.9.2.jar;D:\Maven\repo\io\springfox\springfox-swagger-common\2.9.2\springfox-swagger-common-2.9.2.jar;D:\Maven\repo\io\springfox\springfox-spring-web\2.9.2\springfox-spring-web-2.9.2.jar;D:\Maven\repo\com\google\guava\guava\20.0\guava-20.0.jar;D:\Maven\repo\com\fasterxml\classmate\1.5.1\classmate-1.5.1.jar;D:\Maven\repo\org\springframework\plugin\spring-plugin-core\1.2.0.RELEASE\spring-plugin-core-1.2.0.RELEASE.jar;D:\Maven\repo\org\springframework\plugin\spring-plugin-metadata\1.2.0.RELEASE\spring-plugin-metadata-1.2.0.RELEASE.jar;D:\Maven\repo\org\mapstruct\mapstruct\1.2.0.Final\mapstruct-1.2.0.Final.jar;D:\Maven\repo\io\springfox\springfox-swagger-ui\2.9.2\springfox-swagger-ui-2.9.2.jar;D:\Maven\repo\io\swagger\swagger-annotations\1.5.19\swagger-annotations-1.5.19.jar;D:\Maven\repo\com\cheng\model\0.0.1-SNAPSHOT\model-0.0.1-SNAPSHOT.jar;D:\Maven\repo\org\projectlombok\lombok\1.18.10\lombok-1.18.10.jar;D:\Maven\repo\com\cheng\common_util\0.0.1-SNAPSHOT\common_util-0.0.1-SNAPSHOT.jar;D:\Maven\repo\org\apache\httpcomponents\httpclient\4.5.1\httpclient-4.5.1.jar;D:\Maven\repo\org\apache\httpcomponents\httpcore\4.4.12\httpcore-4.4.12.jar;D:\Maven\repo\commons-logging\commons-logging\1.2\commons-logging-1.2.jar;D:\Maven\repo\com\alibaba\fastjson\1.2.29\fastjson-1.2.29.jar;D:\Maven\repo\io\jsonwebtoken\jjwt\0.7.0\jjwt-0.7.0.jar;D:\Maven\repo\com\fasterxml\jackson\core\jackson-databind\2.10.0\jackson-databind-2.10.0.jar;D:\Maven\repo\com\fasterxml\jackson\core\jackson-core\2.10.0\jackson-core-2.10.0.jar;D:\Maven\repo\joda-time\joda-time\2.10.1\joda-time-2.10.1.jar;D:\Maven\repo\org\springframework\boot\spring-boot-starter-web\2.2.1.RELEASE\spring-boot-starter-web-2.2.1.RELEASE.jar;D:\Maven\repo\org\springframework\boot\spring-boot-starter\2.2.1.RELEASE\spring-boot-starter-2.2.1.RELEASE.jar;D:\Maven\repo\org\springframework\boot\spring-boot-starter-logging\2.2.1.RELEASE\spring-boot-starter-logging-2.2.1.RELEASE.jar;D:\Maven\repo\ch\qos\logback\logback-classic\1.2.3\logback-classic-1.2.3.jar;D:\Maven\repo\ch\qos\logback\logback-core\1.2.3\logback-core-1.2.3.jar;D:\Maven\repo\org\apache\logging\log4j\log4j-to-slf4j\2.12.1\log4j-to-slf4j-2.12.1.jar;D:\Maven\repo\org\apache\logging\log4j\log4j-api\2.12.1\log4j-api-2.12.1.jar;D:\Maven\repo\org\slf4j\jul-to-slf4j\1.7.29\jul-to-slf4j-1.7.29.jar;D:\Maven\repo\jakarta\annotation\jakarta.annotation-api\1.3.5\jakarta.annotation-api-1.3.5.jar;D:\Maven\repo\org\springframework\spring-core\5.2.1.RELEASE\spring-core-5.2.1.RELEASE.jar;D:\Maven\repo\org\springframework\spring-jcl\5.2.1.RELEASE\spring-jcl-5.2.1.RELEASE.jar;D:\Maven\repo\org\yaml\snakeyaml\1.25\snakeyaml-1.25.jar;D:\Maven\repo\org\springframework\boot\spring-boot-starter-json\2.2.1.RELEASE\spring-boot-starter-json-2.2.1.RELEASE.jar;D:\Maven\repo\com\fasterxml\jackson\datatype\jackson-datatype-jdk8\2.10.0\jackson-datatype-jdk8-2.10.0.jar;D:\Maven\repo\com\fasterxml\jackson\datatype\jackson-datatype-jsr310\2.10.0\jackson-datatype-jsr310-2.10.0.jar;D:\Maven\repo\com\fasterxml\jackson\module\jackson-module-parameter-names\2.10.0\jackson-module-parameter-names-2.10.0.jar;D:\Maven\repo\org\springframework\boot\spring-boot-starter-tomcat\2.2.1.RELEASE\spring-boot-starter-tomcat-2.2.1.RELEASE.jar;D:\Maven\repo\org\apache\tomcat\embed\tomcat-embed-core\9.0.27\tomcat-embed-core-9.0.27.jar;D:\Maven\repo\org\apache\tomcat\embed\tomcat-embed-el\9.0.27\tomcat-embed-el-9.0.27.jar;D:\Maven\repo\org\apache\tomcat\embed\tomcat-embed-websocket\9.0.27\tomcat-embed-websocket-9.0.27.jar;D:\Maven\repo\org\springframework\boot\spring-boot-starter-validation\2.2.1.RELEASE\spring-boot-starter-validation-2.2.1.RELEASE.jar;D:\Maven\repo\jakarta\validation\jakarta.validation-api\2.0.1\jakarta.validation-api-2.0.1.jar;D:\Maven\repo\org\hibernate\validator\hibernate-validator\6.0.18.Final\hibernate-validator-6.0.18.Final.jar;D:\Maven\repo\org\jboss\logging\jboss-logging\3.4.1.Final\jboss-logging-3.4.1.Final.jar;D:\Maven\repo\org\springframework\spring-web\5.2.1.RELEASE\spring-web-5.2.1.RELEASE.jar;D:\Maven\repo\org\springframework\spring-beans\5.2.1.RELEASE\spring-beans-5.2.1.RELEASE.jar;D:\Maven\repo\org\springframework\spring-webmvc\5.2.1.RELEASE\spring-webmvc-5.2.1.RELEASE.jar;D:\Maven\repo\org\springframework\spring-aop\5.2.1.RELEASE\spring-aop-5.2.1.RELEASE.jar;D:\Maven\repo\org\springframework\spring-context\5.2.1.RELEASE\spring-context-5.2.1.RELEASE.jar;D:\Maven\repo\org\springframework\spring-expression\5.2.1.RELEASE\spring-expression-5.2.1.RELEASE.jar;D:\Maven\repo\com\baomidou\mybatis-plus-boot-starter\3.3.1\mybatis-plus-boot-starter-3.3.1.jar;D:\Maven\repo\com\baomidou\mybatis-plus\3.3.1\mybatis-plus-3.3.1.jar;D:\Maven\repo\org\springframework\boot\spring-boot-autoconfigure\2.2.1.RELEASE\spring-boot-autoconfigure-2.2.1.RELEASE.jar;D:\Maven\repo\org\springframework\boot\spring-boot-starter-jdbc\2.2.1.RELEASE\spring-boot-starter-jdbc-2.2.1.RELEASE.jar;D:\Maven\repo\com\zaxxer\HikariCP\3.4.1\HikariCP-3.4.1.jar;D:\Maven\repo\org\springframework\spring-jdbc\5.2.1.RELEASE\spring-jdbc-5.2.1.RELEASE.jar;D:\Maven\repo\mysql\mysql-connector-java\5.1.46\mysql-connector-java-5.1.46.jar;D:\Maven\repo\org\springframework\boot\spring-boot-devtools\2.2.1.RELEASE\spring-boot-devtools-2.2.1.RELEASE.jar;D:\Maven\repo\org\springframework\boot\spring-boot\2.2.1.RELEASE\spring-boot-2.2.1.RELEASE.jar;"/>
    <property name="java.vm.vendor" value="Amazon.com Inc."/>
    <property name="sun.arch.data.model" value="64"/>
    <property name="user.variant" value=""/>
    <property name="java.vendor.url" value="https://aws.amazon.com/corretto/"/>
    <property name="user.timezone" value="Asia/Shanghai"/>
    <property name="java.vm.specification.version" value="1.8"/>
    <property name="os.name" value="Windows 10"/>
    <property name="user.country" value="CN"/>
    <property name="sun.java.launcher" value="SUN_STANDARD"/>
    <property name="sun.boot.library.path" value="D:\JDK\jdk1.8\jre\bin"/>
    <property name="sun.java.command" value="C:\Users\liucheng\AppData\Local\Temp\surefire1866628109785389438\surefirebooter1417924676278482327.jar C:\Users\liucheng\AppData\Local\Temp\surefire1866628109785389438 2022-08-07T10-10-01_003-jvmRun1 surefire682136919187396856tmp surefire_05652562832990108844tmp"/>
    <property name="surefire.test.class.path" value="D:\项目\RRS\service\service_cmn\target\test-classes;D:\项目\RRS\service\service_cmn\target\classes;D:\Maven\repo\com\baomidou\mybatis-plus-extension\3.4.3.4\mybatis-plus-extension-3.4.3.4.jar;D:\Maven\repo\com\baomidou\mybatis-plus-core\3.4.3.4\mybatis-plus-core-3.4.3.4.jar;D:\Maven\repo\com\baomidou\mybatis-plus-annotation\3.4.3.4\mybatis-plus-annotation-3.4.3.4.jar;D:\Maven\repo\com\github\jsqlparser\jsqlparser\4.2\jsqlparser-4.2.jar;D:\Maven\repo\org\mybatis\mybatis\3.5.7\mybatis-3.5.7.jar;D:\Maven\repo\org\mybatis\mybatis-spring\2.0.6\mybatis-spring-2.0.6.jar;D:\Maven\repo\com\alibaba\easyexcel\2.2.0-beta2\easyexcel-2.2.0-beta2.jar;D:\Maven\repo\org\apache\poi\poi\3.17\poi-3.17.jar;D:\Maven\repo\commons-codec\commons-codec\1.13\commons-codec-1.13.jar;D:\Maven\repo\org\apache\commons\commons-collections4\4.1\commons-collections4-4.1.jar;D:\Maven\repo\org\apache\poi\poi-ooxml\3.17\poi-ooxml-3.17.jar;D:\Maven\repo\com\github\virtuald\curvesapi\1.04\curvesapi-1.04.jar;D:\Maven\repo\org\apache\poi\poi-ooxml-schemas\3.17\poi-ooxml-schemas-3.17.jar;D:\Maven\repo\org\apache\xmlbeans\xmlbeans\2.6.0\xmlbeans-2.6.0.jar;D:\Maven\repo\stax\stax-api\1.0.1\stax-api-1.0.1.jar;D:\Maven\repo\cglib\cglib\3.1\cglib-3.1.jar;D:\Maven\repo\org\ow2\asm\asm\4.2\asm-4.2.jar;D:\Maven\repo\org\slf4j\slf4j-api\1.7.29\slf4j-api-1.7.29.jar;D:\Maven\repo\org\ehcache\ehcache\3.8.1\ehcache-3.8.1.jar;D:\Maven\repo\org\glassfish\jaxb\jaxb-runtime\2.3.2\jaxb-runtime-2.3.2.jar;D:\Maven\repo\jakarta\xml\bind\jakarta.xml.bind-api\2.3.2\jakarta.xml.bind-api-2.3.2.jar;D:\Maven\repo\org\glassfish\jaxb\txw2\2.3.2\txw2-2.3.2.jar;D:\Maven\repo\com\sun\istack\istack-commons-runtime\3.0.8\istack-commons-runtime-3.0.8.jar;D:\Maven\repo\org\jvnet\staxex\stax-ex\1.8.1\stax-ex-1.8.1.jar;D:\Maven\repo\com\sun\xml\fastinfoset\FastInfoset\1.2.16\FastInfoset-1.2.16.jar;D:\Maven\repo\jakarta\activation\jakarta.activation-api\1.2.1\jakarta.activation-api-1.2.1.jar;D:\Maven\repo\com\cheng\service_util\0.0.1-SNAPSHOT\service_util-0.0.1-SNAPSHOT.jar;D:\Maven\repo\org\springframework\boot\spring-boot-starter-data-redis\2.2.1.RELEASE\spring-boot-starter-data-redis-2.2.1.RELEASE.jar;D:\Maven\repo\org\springframework\data\spring-data-redis\2.2.1.RELEASE\spring-data-redis-2.2.1.RELEASE.jar;D:\Maven\repo\org\springframework\data\spring-data-keyvalue\2.2.1.RELEASE\spring-data-keyvalue-2.2.1.RELEASE.jar;D:\Maven\repo\org\springframework\data\spring-data-commons\2.2.1.RELEASE\spring-data-commons-2.2.1.RELEASE.jar;D:\Maven\repo\org\springframework\spring-tx\5.2.1.RELEASE\spring-tx-5.2.1.RELEASE.jar;D:\Maven\repo\org\springframework\spring-oxm\5.2.1.RELEASE\spring-oxm-5.2.1.RELEASE.jar;D:\Maven\repo\org\springframework\spring-context-support\5.2.1.RELEASE\spring-context-support-5.2.1.RELEASE.jar;D:\Maven\repo\io\lettuce\lettuce-core\5.2.1.RELEASE\lettuce-core-5.2.1.RELEASE.jar;D:\Maven\repo\io\netty\netty-common\4.1.43.Final\netty-common-4.1.43.Final.jar;D:\Maven\repo\io\netty\netty-handler\4.1.43.Final\netty-handler-4.1.43.Final.jar;D:\Maven\repo\io\netty\netty-buffer\4.1.43.Final\netty-buffer-4.1.43.Final.jar;D:\Maven\repo\io\netty\netty-codec\4.1.43.Final\netty-codec-4.1.43.Final.jar;D:\Maven\repo\io\netty\netty-transport\4.1.43.Final\netty-transport-4.1.43.Final.jar;D:\Maven\repo\io\netty\netty-resolver\4.1.43.Final\netty-resolver-4.1.43.Final.jar;D:\Maven\repo\io\projectreactor\reactor-core\3.3.0.RELEASE\reactor-core-3.3.0.RELEASE.jar;D:\Maven\repo\org\reactivestreams\reactive-streams\1.0.3\reactive-streams-1.0.3.jar;D:\Maven\repo\org\apache\commons\commons-pool2\2.7.0\commons-pool2-2.7.0.jar;D:\Maven\repo\io\springfox\springfox-swagger2\2.9.2\springfox-swagger2-2.9.2.jar;D:\Maven\repo\io\swagger\swagger-models\1.5.20\swagger-models-1.5.20.jar;D:\Maven\repo\com\fasterxml\jackson\core\jackson-annotations\2.10.0\jackson-annotations-2.10.0.jar;D:\Maven\repo\io\springfox\springfox-spi\2.9.2\springfox-spi-2.9.2.jar;D:\Maven\repo\io\springfox\springfox-core\2.9.2\springfox-core-2.9.2.jar;D:\Maven\repo\net\bytebuddy\byte-buddy\1.10.2\byte-buddy-1.10.2.jar;D:\Maven\repo\io\springfox\springfox-schema\2.9.2\springfox-schema-2.9.2.jar;D:\Maven\repo\io\springfox\springfox-swagger-common\2.9.2\springfox-swagger-common-2.9.2.jar;D:\Maven\repo\io\springfox\springfox-spring-web\2.9.2\springfox-spring-web-2.9.2.jar;D:\Maven\repo\com\google\guava\guava\20.0\guava-20.0.jar;D:\Maven\repo\com\fasterxml\classmate\1.5.1\classmate-1.5.1.jar;D:\Maven\repo\org\springframework\plugin\spring-plugin-core\1.2.0.RELEASE\spring-plugin-core-1.2.0.RELEASE.jar;D:\Maven\repo\org\springframework\plugin\spring-plugin-metadata\1.2.0.RELEASE\spring-plugin-metadata-1.2.0.RELEASE.jar;D:\Maven\repo\org\mapstruct\mapstruct\1.2.0.Final\mapstruct-1.2.0.Final.jar;D:\Maven\repo\io\springfox\springfox-swagger-ui\2.9.2\springfox-swagger-ui-2.9.2.jar;D:\Maven\repo\io\swagger\swagger-annotations\1.5.19\swagger-annotations-1.5.19.jar;D:\Maven\repo\com\cheng\model\0.0.1-SNAPSHOT\model-0.0.1-SNAPSHOT.jar;D:\Maven\repo\org\projectlombok\lombok\1.18.10\lombok-1.18.10.jar;D:\Maven\repo\com\cheng\common_util\0.0.1-SNAPSHOT\common_util-0.0.1-SNAPSHOT.jar;D:\Maven\repo\org\apache\httpcomponents\httpclient\4.5.1\httpclient-4.5.1.jar;D:\Maven\repo\org\apache\httpcomponents\httpcore\4.4.12\httpcore-4.4.12.jar;D:\Maven\repo\commons-logging\commons-logging\1.2\commons-logging-1.2.jar;D:\Maven\repo\com\alibaba\fastjson\1.2.29\fastjson-1.2.29.jar;D:\Maven\repo\io\jsonwebtoken\jjwt\0.7.0\jjwt-0.7.0.jar;D:\Maven\repo\com\fasterxml\jackson\core\jackson-databind\2.10.0\jackson-databind-2.10.0.jar;D:\Maven\repo\com\fasterxml\jackson\core\jackson-core\2.10.0\jackson-core-2.10.0.jar;D:\Maven\repo\joda-time\joda-time\2.10.1\joda-time-2.10.1.jar;D:\Maven\repo\org\springframework\boot\spring-boot-starter-web\2.2.1.RELEASE\spring-boot-starter-web-2.2.1.RELEASE.jar;D:\Maven\repo\org\springframework\boot\spring-boot-starter\2.2.1.RELEASE\spring-boot-starter-2.2.1.RELEASE.jar;D:\Maven\repo\org\springframework\boot\spring-boot-starter-logging\2.2.1.RELEASE\spring-boot-starter-logging-2.2.1.RELEASE.jar;D:\Maven\repo\ch\qos\logback\logback-classic\1.2.3\logback-classic-1.2.3.jar;D:\Maven\repo\ch\qos\logback\logback-core\1.2.3\logback-core-1.2.3.jar;D:\Maven\repo\org\apache\logging\log4j\log4j-to-slf4j\2.12.1\log4j-to-slf4j-2.12.1.jar;D:\Maven\repo\org\apache\logging\log4j\log4j-api\2.12.1\log4j-api-2.12.1.jar;D:\Maven\repo\org\slf4j\jul-to-slf4j\1.7.29\jul-to-slf4j-1.7.29.jar;D:\Maven\repo\jakarta\annotation\jakarta.annotation-api\1.3.5\jakarta.annotation-api-1.3.5.jar;D:\Maven\repo\org\springframework\spring-core\5.2.1.RELEASE\spring-core-5.2.1.RELEASE.jar;D:\Maven\repo\org\springframework\spring-jcl\5.2.1.RELEASE\spring-jcl-5.2.1.RELEASE.jar;D:\Maven\repo\org\yaml\snakeyaml\1.25\snakeyaml-1.25.jar;D:\Maven\repo\org\springframework\boot\spring-boot-starter-json\2.2.1.RELEASE\spring-boot-starter-json-2.2.1.RELEASE.jar;D:\Maven\repo\com\fasterxml\jackson\datatype\jackson-datatype-jdk8\2.10.0\jackson-datatype-jdk8-2.10.0.jar;D:\Maven\repo\com\fasterxml\jackson\datatype\jackson-datatype-jsr310\2.10.0\jackson-datatype-jsr310-2.10.0.jar;D:\Maven\repo\com\fasterxml\jackson\module\jackson-module-parameter-names\2.10.0\jackson-module-parameter-names-2.10.0.jar;D:\Maven\repo\org\springframework\boot\spring-boot-starter-tomcat\2.2.1.RELEASE\spring-boot-starter-tomcat-2.2.1.RELEASE.jar;D:\Maven\repo\org\apache\tomcat\embed\tomcat-embed-core\9.0.27\tomcat-embed-core-9.0.27.jar;D:\Maven\repo\org\apache\tomcat\embed\tomcat-embed-el\9.0.27\tomcat-embed-el-9.0.27.jar;D:\Maven\repo\org\apache\tomcat\embed\tomcat-embed-websocket\9.0.27\tomcat-embed-websocket-9.0.27.jar;D:\Maven\repo\org\springframework\boot\spring-boot-starter-validation\2.2.1.RELEASE\spring-boot-starter-validation-2.2.1.RELEASE.jar;D:\Maven\repo\jakarta\validation\jakarta.validation-api\2.0.1\jakarta.validation-api-2.0.1.jar;D:\Maven\repo\org\hibernate\validator\hibernate-validator\6.0.18.Final\hibernate-validator-6.0.18.Final.jar;D:\Maven\repo\org\jboss\logging\jboss-logging\3.4.1.Final\jboss-logging-3.4.1.Final.jar;D:\Maven\repo\org\springframework\spring-web\5.2.1.RELEASE\spring-web-5.2.1.RELEASE.jar;D:\Maven\repo\org\springframework\spring-beans\5.2.1.RELEASE\spring-beans-5.2.1.RELEASE.jar;D:\Maven\repo\org\springframework\spring-webmvc\5.2.1.RELEASE\spring-webmvc-5.2.1.RELEASE.jar;D:\Maven\repo\org\springframework\spring-aop\5.2.1.RELEASE\spring-aop-5.2.1.RELEASE.jar;D:\Maven\repo\org\springframework\spring-context\5.2.1.RELEASE\spring-context-5.2.1.RELEASE.jar;D:\Maven\repo\org\springframework\spring-expression\5.2.1.RELEASE\spring-expression-5.2.1.RELEASE.jar;D:\Maven\repo\com\baomidou\mybatis-plus-boot-starter\3.3.1\mybatis-plus-boot-starter-3.3.1.jar;D:\Maven\repo\com\baomidou\mybatis-plus\3.3.1\mybatis-plus-3.3.1.jar;D:\Maven\repo\org\springframework\boot\spring-boot-autoconfigure\2.2.1.RELEASE\spring-boot-autoconfigure-2.2.1.RELEASE.jar;D:\Maven\repo\org\springframework\boot\spring-boot-starter-jdbc\2.2.1.RELEASE\spring-boot-starter-jdbc-2.2.1.RELEASE.jar;D:\Maven\repo\com\zaxxer\HikariCP\3.4.1\HikariCP-3.4.1.jar;D:\Maven\repo\org\springframework\spring-jdbc\5.2.1.RELEASE\spring-jdbc-5.2.1.RELEASE.jar;D:\Maven\repo\mysql\mysql-connector-java\5.1.46\mysql-connector-java-5.1.46.jar;D:\Maven\repo\org\springframework\boot\spring-boot-devtools\2.2.1.RELEASE\spring-boot-devtools-2.2.1.RELEASE.jar;D:\Maven\repo\org\springframework\boot\spring-boot\2.2.1.RELEASE\spring-boot-2.2.1.RELEASE.jar;"/>
    <property name="sun.cpu.endian" value="little"/>
    <property name="user.home" value="C:\Users\liucheng"/>
    <property name="user.language" value="zh"/>
    <property name="java.specification.vendor" value="Oracle Corporation"/>
    <property name="java.home" value="D:\JDK\jdk1.8\jre"/>
    <property name="basedir" value="D:\项目\RRS\service\service_cmn"/>
    <property name="file.separator" value="\"/>
    <property name="line.separator" value="&#10;"/>
    <property name="java.vm.specification.vendor" value="Oracle Corporation"/>
    <property name="java.specification.name" value="Java Platform API Specification"/>
    <property name="java.awt.graphicsenv" value="sun.awt.Win32GraphicsEnvironment"/>
    <property name="surefire.real.class.path" value="C:\Users\liucheng\AppData\Local\Temp\surefire1866628109785389438\surefirebooter1417924676278482327.jar"/>
    <property name="sun.boot.class.path" value="D:\JDK\jdk1.8\jre\lib\resources.jar;D:\JDK\jdk1.8\jre\lib\rt.jar;D:\JDK\jdk1.8\jre\lib\sunrsasign.jar;D:\JDK\jdk1.8\jre\lib\jsse.jar;D:\JDK\jdk1.8\jre\lib\jce.jar;D:\JDK\jdk1.8\jre\lib\charsets.jar;D:\JDK\jdk1.8\jre\lib\jfr.jar;D:\JDK\jdk1.8\jre\classes"/>
    <property name="user.script" value=""/>
    <property name="sun.management.compiler" value="HotSpot 64-Bit Tiered Compilers"/>
    <property name="java.runtime.version" value="1.8.0_322-b06"/>
    <property name="user.name" value="liucheng"/>
    <property name="path.separator" value=";"/>
    <property name="os.version" value="10.0"/>
    <property name="java.endorsed.dirs" value="D:\JDK\jdk1.8\jre\lib\endorsed"/>
    <property name="java.runtime.name" value="OpenJDK Runtime Environment"/>
    <property name="file.encoding" value="GBK"/>
    <property name="java.vm.name" value="OpenJDK 64-Bit Server VM"/>
    <property name="localRepository" value="D:\Maven\repo"/>
    <property name="java.vendor.url.bug" value="https://github.com/corretto/corretto-8/issues/"/>
    <property name="java.io.tmpdir" value="C:\Users\liucheng\AppData\Local\Temp\"/>
    <property name="idea.version" value="2021.2.4"/>
    <property name="java.version" value="1.8.0_322"/>
    <property name="user.dir" value="D:\项目\RRS\service\service_cmn"/>
    <property name="os.arch" value="amd64"/>
    <property name="java.vm.specification.name" value="Java Virtual Machine Specification"/>
    <property name="java.awt.printerjob" value="sun.awt.windows.WPrinterJob"/>
    <property name="sun.os.patch.level" value=""/>
    <property name="java.library.path" value="D:\JDK\jdk1.8\jre\bin;C:\WINDOWS\Sun\Java\bin;C:\WINDOWS\system32;C:\WINDOWS;D:\新建文件夹 (2)\VMware\bin\;C:\Program Files\MySQL\MySQL Server 5.7\bin;C:\Program Files\Common Files\Oracle\Java\javapath;C:\WINDOWS\system32;C:\WINDOWS;C:\WINDOWS\System32\Wbem;C:\WINDOWS\System32\WindowsPowerShell\v1.0\;C:\WINDOWS\System32\OpenSSH\;&quot;D:\JDK\jdk1.8\bin;&quot;;D:\IEDA\tomcat\apache-tomcat-9.0.52\bin;D:\IEDA\tomcat\apache-tomcat-9.0.52\lib;D:\mingw-w64\x86_64-8.1.0-posix-seh-rt_v6-rev0\mingw64\bin;D:\vscode\;D:\Maven\apache-maven-3.8.4\bin;D:\微信开发小程序\微信web开发者工具\dll;C:\Android;C:;Windows\System32;D:\下载\Git\cmd;C:\Program Files\Azure Data Studio\bin;C:\Program Files\Microsoft SQL Server\Client SDK\ODBC\170\Tools\Binn\;C:\Program Files (x86)\Microsoft SQL Server\150\Tools\Binn\;C:\Program Files\Microsoft SQL Server\150\Tools\Binn\;C:\Program Files\Microsoft SQL Server\150\DTS\Binn\;C:\Program Files (x86)\Microsoft SQL Server\150\DTS\Binn\;D:\HarmonysIDE\SDK\toolchains;C:\strawberry\c\bin;C:\strawberry\perl\bin;D:\python\python-3.9.13-embed-amd64;D:\JDK\jdk1.8\bin;C:\Users\liucheng\AppData\Local\Programs\Python\Python39\Scripts\;C:\Users\liucheng\AppData\Local\Programs\Python\Python39\;C:\Users\liucheng\AppData\Local\Microsoft\WindowsApps;C:\Program Files\Bandizip\;;D:\vscode\Microsoft VS Code\bin;C:\Users\liucheng\AppData\Roaming\npm;D:\HarmonysIDE\IDE\DevEco Studio 3.0.0.800\bin;;C:\Program Files\Azure Data Studio\bin;D:\WS\WebStorm 2022.1.1\bin;;D:\python\PythonIDE\PyCharm 2022.1.1\bin;;."/>
    <property name="java.vm.info" value="mixed mode"/>
    <property name="java.vendor" value="Amazon.com Inc."/>
    <property name="java.vm.version" value="25.322-b06"/>
    <property name="java.ext.dirs" value="D:\JDK\jdk1.8\jre\lib\ext;C:\WINDOWS\Sun\Java\lib\ext"/>
    <property name="sun.io.unicode.encoding" value="UnicodeLittle"/>
    <property name="maven.repo.local" value="D:\Maven\repo"/>
    <property name="java.class.version" value="52.0"/>
  </properties>
</testsuite>